[2026-04-30T18:59:51.502+0000] {local_task_job_runner.py:123} INFO - ::group::Pre task execution logs
[2026-04-30T18:59:51.509+0000] {taskinstance.py:2612} INFO - Dependencies all met for dep_context=non-requeueable deps ti=<TaskInstance: pinecone_pipeline.query_pinecone manual__2026-04-30T18:58:56.566457+00:00 [queued]>
[2026-04-30T18:59:51.512+0000] {taskinstance.py:2612} INFO - Dependencies all met for dep_context=requeueable deps ti=<TaskInstance: pinecone_pipeline.query_pinecone manual__2026-04-30T18:58:56.566457+00:00 [queued]>
[2026-04-30T18:59:51.512+0000] {taskinstance.py:2865} INFO - Starting attempt 1 of 1
[2026-04-30T18:59:51.516+0000] {taskinstance.py:2888} INFO - Executing <Task(PythonOperator): query_pinecone> on 2026-04-30 18:58:56.566457+00:00
[2026-04-30T18:59:51.532+0000] {logging_mixin.py:190} WARNING - /home/***/.local/lib/python3.12/site-packages/***/task/task_runner/standard_task_runner.py:70 DeprecationWarning: This process (pid=461) is multi-threaded, use of fork() may lead to deadlocks in the child.
[2026-04-30T18:59:51.530+0000] {standard_task_runner.py:104} INFO - Running: ['***', 'tasks', 'run', 'pinecone_pipeline', 'query_pinecone', 'manual__2026-04-30T18:58:56.566457+00:00', '--job-id', '11', '--raw', '--subdir', 'DAGS_FOLDER/pinecone_pipeline.py', '--cfg-path', '/tmp/tmpfe9npnh_']
[2026-04-30T18:59:51.533+0000] {standard_task_runner.py:105} INFO - Job 11: Subtask query_pinecone
[2026-04-30T18:59:51.533+0000] {standard_task_runner.py:72} INFO - Started process 473 to run task
[2026-04-30T18:59:51.576+0000] {task_command.py:467} INFO - Running <TaskInstance: pinecone_pipeline.query_pinecone manual__2026-04-30T18:58:56.566457+00:00 [running]> on host f17640cd2dd7
[2026-04-30T18:59:51.619+0000] {taskinstance.py:3131} INFO - Exporting env vars: AIRFLOW_CTX_DAG_OWNER='***' AIRFLOW_CTX_DAG_ID='pinecone_pipeline' AIRFLOW_CTX_TASK_ID='query_pinecone' AIRFLOW_CTX_EXECUTION_DATE='2026-04-30T18:58:56.566457+00:00' AIRFLOW_CTX_TRY_NUMBER='1' AIRFLOW_CTX_DAG_RUN_ID='manual__2026-04-30T18:58:56.566457+00:00'
[2026-04-30T18:59:51.620+0000] {taskinstance.py:731} INFO - ::endgroup::
[2026-04-30T18:59:51.631+0000] {discover_namespace_packages.py:12} INFO - Discovering subpackages in _NamespacePath(['/home/***/.local/lib/python3.12/site-packages/pinecone_plugins'])
[2026-04-30T18:59:51.631+0000] {discover_plugins.py:9} INFO - Looking for plugins in pinecone_plugins.inference
[2026-04-30T18:59:51.635+0000] {installation.py:10} INFO - Installing plugin inference into Pinecone
[2026-04-30T18:59:51.845+0000] {SentenceTransformer.py:196} INFO - Use pytorch device_name: cpu
[2026-04-30T18:59:51.846+0000] {SentenceTransformer.py:204} INFO - Load pretrained SentenceTransformer: all-MiniLM-L6-v2
[2026-04-30T18:59:53.324+0000] {logging_mixin.py:190} WARNING - Batches:   0%|          | 0/1 [00:00<?, ?it/s]
[2026-04-30T18:59:53.388+0000] {logging_mixin.py:190} WARNING - Batches: 100%|##########| 1/1 [00:00<00:00, 16.08it/s]
[2026-04-30T18:59:53.776+0000] {logging_mixin.py:190} INFO - Query: what is machine learning
[2026-04-30T18:59:53.778+0000] {logging_mixin.py:190} INFO - Results:
[2026-04-30T18:59:53.778+0000] {logging_mixin.py:190} INFO - {'id': '1178', 'score': 0.564626217, 'text': 'Learning from Machine Learning | Maarten Grootendorst: BERTopic, Data Science, Psychology nan'}
[2026-04-30T18:59:53.779+0000] {logging_mixin.py:190} INFO - {'id': '2064', 'score': 0.552110672, 'text': 'Book Review: Designing Machine Learning\xa0Systems A book review and summary of Designing Machine…'}
[2026-04-30T18:59:53.779+0000] {logging_mixin.py:190} INFO - {'id': '297', 'score': 0.552110672, 'text': 'Book Review: Designing Machine Learning\xa0Systems A book review and summary of Designing Machine…'}
[2026-04-30T18:59:53.780+0000] {logging_mixin.py:190} INFO - {'id': '1042', 'score': 0.543307304, 'text': 'Understanding Noisy Data and Uncertainty in Machine\xa0Learning The actual reason your machine learning…'}
[2026-04-30T18:59:53.780+0000] {logging_mixin.py:190} INFO - {'id': '1383', 'score': 0.542881966, 'text': 'How can Machine Learning be used in Audio Analysis? Learn how machine learning could be used\xa0to…'}
[2026-04-30T18:59:53.789+0000] {python.py:240} INFO - Done. Returned value was: None
[2026-04-30T18:59:53.802+0000] {taskinstance.py:340} INFO - ::group::Post task execution logs
[2026-04-30T18:59:53.802+0000] {taskinstance.py:352} INFO - Marking task as SUCCESS. dag_id=pinecone_pipeline, task_id=query_pinecone, run_id=manual__2026-04-30T18:58:56.566457+00:00, execution_date=20260430T185856, start_date=20260430T185951, end_date=20260430T185953
[2026-04-30T18:59:53.855+0000] {local_task_job_runner.py:266} INFO - Task exited with return code 0
[2026-04-30T18:59:53.873+0000] {taskinstance.py:3900} INFO - 0 downstream tasks scheduled from follow-on schedule check
[2026-04-30T18:59:53.874+0000] {local_task_job_runner.py:245} INFO - ::endgroup::
