[2026-04-30T18:45:30.936+0000] {manager.py:486} INFO - Processing files using up to 2 processes at a time 
[2026-04-30T18:45:30.937+0000] {manager.py:487} INFO - Process each file at most once every 30 seconds
[2026-04-30T18:45:30.937+0000] {manager.py:488} INFO - Checking for new files in /opt/airflow/dags every 300 seconds
[2026-04-30T18:45:30.937+0000] {manager.py:832} INFO - Searching for files in /opt/airflow/dags
[2026-04-30T18:45:30.938+0000] {manager.py:835} INFO - There are 1 files in /opt/airflow/dags
[2026-04-30T18:45:30.966+0000] {manager.py:1008} INFO - 
================================================================================
DAG File Processing Stats

File Path                                 PID  Runtime      # DAGs    # Errors  Last Runtime    Last Run      Last # of DB Queries
--------------------------------------  -----  ---------  --------  ----------  --------------  ----------  ----------------------
/opt/airflow/dags/pinecone_pipeline.py    288  0.01s             0           0                                                   0
================================================================================
[2026-04-30T18:46:01.187+0000] {manager.py:1008} INFO - 
================================================================================
DAG File Processing Stats

File Path                               PID    Runtime      # DAGs    # Errors  Last Runtime    Last Run               Last # of DB Queries
--------------------------------------  -----  ---------  --------  ----------  --------------  -------------------  ----------------------
/opt/airflow/dags/pinecone_pipeline.py                           1           0  3.49s           2026-04-30T18:45:34                      43
================================================================================
[2026-04-30T18:46:31.941+0000] {manager.py:1008} INFO - 
================================================================================
DAG File Processing Stats

File Path                               PID    Runtime      # DAGs    # Errors  Last Runtime    Last Run               Last # of DB Queries
--------------------------------------  -----  ---------  --------  ----------  --------------  -------------------  ----------------------
/opt/airflow/dags/pinecone_pipeline.py                           1           0  2.27s           2026-04-30T18:46:06                      10
================================================================================
[2026-04-30T18:47:02.483+0000] {manager.py:1008} INFO - 
================================================================================
DAG File Processing Stats

File Path                               PID    Runtime      # DAGs    # Errors  Last Runtime    Last Run               Last # of DB Queries
--------------------------------------  -----  ---------  --------  ----------  --------------  -------------------  ----------------------
/opt/airflow/dags/pinecone_pipeline.py                           1           0  2.02s           2026-04-30T18:46:39                      10
================================================================================
[2026-04-30T18:47:32.781+0000] {manager.py:1008} INFO - 
================================================================================
DAG File Processing Stats

File Path                               PID    Runtime      # DAGs    # Errors  Last Runtime    Last Run               Last # of DB Queries
--------------------------------------  -----  ---------  --------  ----------  --------------  -------------------  ----------------------
/opt/airflow/dags/pinecone_pipeline.py                           1           0  2.52s           2026-04-30T18:47:12                      10
================================================================================
[2026-04-30T18:48:02.838+0000] {manager.py:1008} INFO - 
================================================================================
DAG File Processing Stats

File Path                               PID    Runtime      # DAGs    # Errors  Last Runtime    Last Run               Last # of DB Queries
--------------------------------------  -----  ---------  --------  ----------  --------------  -------------------  ----------------------
/opt/airflow/dags/pinecone_pipeline.py                           1           0  2.30s           2026-04-30T18:47:44                      10
================================================================================
[2026-04-30T18:48:33.137+0000] {manager.py:1008} INFO - 
================================================================================
DAG File Processing Stats

File Path                               PID    Runtime      # DAGs    # Errors  Last Runtime    Last Run               Last # of DB Queries
--------------------------------------  -----  ---------  --------  ----------  --------------  -------------------  ----------------------
/opt/airflow/dags/pinecone_pipeline.py                           1           0  2.62s           2026-04-30T18:48:17                      31
================================================================================
[2026-04-30T18:49:03.244+0000] {manager.py:1008} INFO - 
================================================================================
DAG File Processing Stats

File Path                                 PID  Runtime      # DAGs    # Errors  Last Runtime    Last Run               Last # of DB Queries
--------------------------------------  -----  ---------  --------  ----------  --------------  -------------------  ----------------------
/opt/airflow/dags/pinecone_pipeline.py    495  0.01s             1           0  2.23s           2026-04-30T18:48:50                      10
================================================================================
[2026-04-30T18:49:33.348+0000] {manager.py:1008} INFO - 
================================================================================
DAG File Processing Stats

File Path                               PID    Runtime      # DAGs    # Errors  Last Runtime    Last Run               Last # of DB Queries
--------------------------------------  -----  ---------  --------  ----------  --------------  -------------------  ----------------------
/opt/airflow/dags/pinecone_pipeline.py                           1           0  1.98s           2026-04-30T18:49:05                      10
================================================================================
[2026-04-30T18:50:03.567+0000] {manager.py:1008} INFO - 
================================================================================
DAG File Processing Stats

File Path                               PID    Runtime      # DAGs    # Errors  Last Runtime    Last Run               Last # of DB Queries
--------------------------------------  -----  ---------  --------  ----------  --------------  -------------------  ----------------------
/opt/airflow/dags/pinecone_pipeline.py                           1           0  2.09s           2026-04-30T18:49:37                      10
================================================================================
[2026-04-30T18:50:30.973+0000] {manager.py:832} INFO - Searching for files in /opt/airflow/dags
[2026-04-30T18:50:30.978+0000] {manager.py:835} INFO - There are 1 files in /opt/airflow/dags
[2026-04-30T18:50:33.749+0000] {manager.py:1008} INFO - 
================================================================================
DAG File Processing Stats

File Path                               PID    Runtime      # DAGs    # Errors  Last Runtime    Last Run               Last # of DB Queries
--------------------------------------  -----  ---------  --------  ----------  --------------  -------------------  ----------------------
/opt/airflow/dags/pinecone_pipeline.py                           1           0  2.29s           2026-04-30T18:50:09                      10
================================================================================
[2026-04-30T18:51:04.022+0000] {manager.py:1008} INFO - 
================================================================================
DAG File Processing Stats

File Path                               PID    Runtime      # DAGs    # Errors  Last Runtime    Last Run               Last # of DB Queries
--------------------------------------  -----  ---------  --------  ----------  --------------  -------------------  ----------------------
/opt/airflow/dags/pinecone_pipeline.py                           1           0  1.93s           2026-04-30T18:50:41                      10
================================================================================
[2026-04-30T18:51:34.307+0000] {manager.py:1008} INFO - 
================================================================================
DAG File Processing Stats

File Path                               PID    Runtime      # DAGs    # Errors  Last Runtime    Last Run               Last # of DB Queries
--------------------------------------  -----  ---------  --------  ----------  --------------  -------------------  ----------------------
/opt/airflow/dags/pinecone_pipeline.py                           1           0  2.09s           2026-04-30T18:51:14                      10
================================================================================
[2026-04-30T18:58:27.012+0000] {manager.py:486} INFO - Processing files using up to 2 processes at a time 
[2026-04-30T18:58:27.013+0000] {manager.py:487} INFO - Process each file at most once every 30 seconds
[2026-04-30T18:58:27.013+0000] {manager.py:488} INFO - Checking for new files in /opt/airflow/dags every 300 seconds
[2026-04-30T18:58:27.013+0000] {manager.py:832} INFO - Searching for files in /opt/airflow/dags
[2026-04-30T18:58:27.015+0000] {manager.py:835} INFO - There are 1 files in /opt/airflow/dags
[2026-04-30T18:58:27.042+0000] {manager.py:1008} INFO - 
================================================================================
DAG File Processing Stats

File Path                                 PID  Runtime      # DAGs    # Errors  Last Runtime    Last Run      Last # of DB Queries
--------------------------------------  -----  ---------  --------  ----------  --------------  ----------  ----------------------
/opt/airflow/dags/pinecone_pipeline.py    288  0.01s             0           0                                                   0
================================================================================
[2026-04-30T18:58:57.276+0000] {manager.py:1008} INFO - 
================================================================================
DAG File Processing Stats

File Path                               PID    Runtime      # DAGs    # Errors  Last Runtime    Last Run               Last # of DB Queries
--------------------------------------  -----  ---------  --------  ----------  --------------  -------------------  ----------------------
/opt/airflow/dags/pinecone_pipeline.py                           1           0  3.27s           2026-04-30T18:58:30                      32
================================================================================
[2026-04-30T18:59:27.693+0000] {manager.py:1008} INFO - 
================================================================================
DAG File Processing Stats

File Path                               PID    Runtime      # DAGs    # Errors  Last Runtime    Last Run               Last # of DB Queries
--------------------------------------  -----  ---------  --------  ----------  --------------  -------------------  ----------------------
/opt/airflow/dags/pinecone_pipeline.py                           1           0  2.16s           2026-04-30T18:59:02                      10
================================================================================
[2026-04-30T18:59:58.029+0000] {manager.py:1008} INFO - 
================================================================================
DAG File Processing Stats

File Path                               PID    Runtime      # DAGs    # Errors  Last Runtime    Last Run               Last # of DB Queries
--------------------------------------  -----  ---------  --------  ----------  --------------  -------------------  ----------------------
/opt/airflow/dags/pinecone_pipeline.py                           1           0  2.39s           2026-04-30T18:59:35                      10
================================================================================
[2026-04-30T19:00:28.606+0000] {manager.py:1008} INFO - 
================================================================================
DAG File Processing Stats

File Path                               PID    Runtime      # DAGs    # Errors  Last Runtime    Last Run               Last # of DB Queries
--------------------------------------  -----  ---------  --------  ----------  --------------  -------------------  ----------------------
/opt/airflow/dags/pinecone_pipeline.py                           1           0  2.38s           2026-04-30T19:00:07                      10
================================================================================
[2026-04-30T19:00:58.626+0000] {manager.py:1008} INFO - 
================================================================================
DAG File Processing Stats

File Path                               PID    Runtime      # DAGs    # Errors  Last Runtime    Last Run               Last # of DB Queries
--------------------------------------  -----  ---------  --------  ----------  --------------  -------------------  ----------------------
/opt/airflow/dags/pinecone_pipeline.py                           1           0  2.45s           2026-04-30T19:00:40                      10
================================================================================
[2026-04-30T19:01:28.951+0000] {manager.py:1008} INFO - 
================================================================================
DAG File Processing Stats

File Path                               PID    Runtime      # DAGs    # Errors  Last Runtime    Last Run               Last # of DB Queries
--------------------------------------  -----  ---------  --------  ----------  --------------  -------------------  ----------------------
/opt/airflow/dags/pinecone_pipeline.py                           1           0  2.37s           2026-04-30T19:01:13                      10
================================================================================
[2026-04-30T19:01:59.601+0000] {manager.py:1008} INFO - 
================================================================================
DAG File Processing Stats

File Path                               PID    Runtime      # DAGs    # Errors  Last Runtime    Last Run               Last # of DB Queries
--------------------------------------  -----  ---------  --------  ----------  --------------  -------------------  ----------------------
/opt/airflow/dags/pinecone_pipeline.py                           1           0  2.34s           2026-04-30T19:01:45                      10
================================================================================
[2026-04-30T19:02:30.207+0000] {manager.py:1008} INFO - 
================================================================================
DAG File Processing Stats

File Path                               PID    Runtime      # DAGs    # Errors  Last Runtime    Last Run               Last # of DB Queries
--------------------------------------  -----  ---------  --------  ----------  --------------  -------------------  ----------------------
/opt/airflow/dags/pinecone_pipeline.py                           1           0  2.41s           2026-04-30T19:02:18                      10
================================================================================
[2026-04-30T19:03:00.889+0000] {manager.py:1008} INFO - 
================================================================================
DAG File Processing Stats

File Path                               PID    Runtime      # DAGs    # Errors  Last Runtime    Last Run               Last # of DB Queries
--------------------------------------  -----  ---------  --------  ----------  --------------  -------------------  ----------------------
/opt/airflow/dags/pinecone_pipeline.py                           1           0  2.33s           2026-04-30T19:02:51                      10
================================================================================
[2026-04-30T19:03:27.436+0000] {manager.py:832} INFO - Searching for files in /opt/airflow/dags
[2026-04-30T19:03:27.441+0000] {manager.py:835} INFO - There are 1 files in /opt/airflow/dags
[2026-04-30T19:03:31.498+0000] {manager.py:1008} INFO - 
================================================================================
DAG File Processing Stats

File Path                               PID    Runtime      # DAGs    # Errors  Last Runtime    Last Run               Last # of DB Queries
--------------------------------------  -----  ---------  --------  ----------  --------------  -------------------  ----------------------
/opt/airflow/dags/pinecone_pipeline.py                           1           0  2.12s           2026-04-30T19:03:23                      10
================================================================================
[2026-04-30T19:04:01.833+0000] {manager.py:1008} INFO - 
================================================================================
DAG File Processing Stats

File Path                               PID    Runtime      # DAGs    # Errors  Last Runtime    Last Run               Last # of DB Queries
--------------------------------------  -----  ---------  --------  ----------  --------------  -------------------  ----------------------
/opt/airflow/dags/pinecone_pipeline.py                           1           0  2.21s           2026-04-30T19:03:55                      10
================================================================================
[2026-04-30T19:04:32.026+0000] {manager.py:1008} INFO - 
================================================================================
DAG File Processing Stats

File Path                               PID    Runtime      # DAGs    # Errors  Last Runtime    Last Run               Last # of DB Queries
--------------------------------------  -----  ---------  --------  ----------  --------------  -------------------  ----------------------
/opt/airflow/dags/pinecone_pipeline.py                           1           0  1.88s           2026-04-30T19:04:27                      10
================================================================================
[2026-04-30T19:05:02.577+0000] {manager.py:1008} INFO - 
================================================================================
DAG File Processing Stats

File Path                               PID    Runtime      # DAGs    # Errors  Last Runtime    Last Run               Last # of DB Queries
--------------------------------------  -----  ---------  --------  ----------  --------------  -------------------  ----------------------
/opt/airflow/dags/pinecone_pipeline.py                           1           0  2.47s           2026-04-30T19:04:48                      10
================================================================================
[2026-04-30T19:05:33.132+0000] {manager.py:1008} INFO - 
================================================================================
DAG File Processing Stats

File Path                               PID    Runtime      # DAGs    # Errors  Last Runtime    Last Run               Last # of DB Queries
--------------------------------------  -----  ---------  --------  ----------  --------------  -------------------  ----------------------
/opt/airflow/dags/pinecone_pipeline.py                           1           0  2.27s           2026-04-30T19:05:21                      10
================================================================================
[2026-04-30T19:06:03.240+0000] {manager.py:1008} INFO - 
================================================================================
DAG File Processing Stats

File Path                               PID    Runtime      # DAGs    # Errors  Last Runtime    Last Run               Last # of DB Queries
--------------------------------------  -----  ---------  --------  ----------  --------------  -------------------  ----------------------
/opt/airflow/dags/pinecone_pipeline.py                           1           0  1.87s           2026-04-30T19:05:53                      10
================================================================================
[2026-04-30T19:06:33.501+0000] {manager.py:1008} INFO - 
================================================================================
DAG File Processing Stats

File Path                               PID    Runtime      # DAGs    # Errors  Last Runtime    Last Run               Last # of DB Queries
--------------------------------------  -----  ---------  --------  ----------  --------------  -------------------  ----------------------
/opt/airflow/dags/pinecone_pipeline.py                           1           0  2.02s           2026-04-30T19:06:25                      10
================================================================================
[2026-04-30T19:07:03.698+0000] {manager.py:1008} INFO - 
================================================================================
DAG File Processing Stats

File Path                               PID    Runtime      # DAGs    # Errors  Last Runtime    Last Run               Last # of DB Queries
--------------------------------------  -----  ---------  --------  ----------  --------------  -------------------  ----------------------
/opt/airflow/dags/pinecone_pipeline.py                           1           0  1.92s           2026-04-30T19:06:57                      10
================================================================================
[2026-04-30T19:07:34.017+0000] {manager.py:1008} INFO - 
================================================================================
DAG File Processing Stats

File Path                               PID    Runtime      # DAGs    # Errors  Last Runtime    Last Run               Last # of DB Queries
--------------------------------------  -----  ---------  --------  ----------  --------------  -------------------  ----------------------
/opt/airflow/dags/pinecone_pipeline.py                           1           0  2.04s           2026-04-30T19:07:30                      10
================================================================================
