[2026-04-30T18:49:44.706+0000] {local_task_job_runner.py:123} INFO - ::group::Pre task execution logs
[2026-04-30T18:49:44.710+0000] {taskinstance.py:2612} INFO - Dependencies all met for dep_context=non-requeueable deps ti=<TaskInstance: pinecone_pipeline.create_pinecone_index manual__2026-04-30T18:49:39.305828+00:00 [queued]>
[2026-04-30T18:49:44.712+0000] {taskinstance.py:2612} INFO - Dependencies all met for dep_context=requeueable deps ti=<TaskInstance: pinecone_pipeline.create_pinecone_index manual__2026-04-30T18:49:39.305828+00:00 [queued]>
[2026-04-30T18:49:44.712+0000] {taskinstance.py:2865} INFO - Starting attempt 1 of 1
[2026-04-30T18:49:44.716+0000] {taskinstance.py:2888} INFO - Executing <Task(PythonOperator): create_pinecone_index> on 2026-04-30 18:49:39.305828+00:00
[2026-04-30T18:49:44.721+0000] {logging_mixin.py:190} WARNING - /home/***/.local/lib/python3.12/site-packages/***/task/task_runner/standard_task_runner.py:70 DeprecationWarning: This process (pid=553) is multi-threaded, use of fork() may lead to deadlocks in the child.
[2026-04-30T18:49:44.721+0000] {standard_task_runner.py:104} INFO - Running: ['***', 'tasks', 'run', 'pinecone_pipeline', 'create_pinecone_index', 'manual__2026-04-30T18:49:39.305828+00:00', '--job-id', '5', '--raw', '--subdir', 'DAGS_FOLDER/pinecone_pipeline.py', '--cfg-path', '/tmp/tmpbzk9w1yf']
[2026-04-30T18:49:44.722+0000] {standard_task_runner.py:105} INFO - Job 5: Subtask create_pinecone_index
[2026-04-30T18:49:44.722+0000] {standard_task_runner.py:72} INFO - Started process 565 to run task
[2026-04-30T18:49:44.735+0000] {task_command.py:467} INFO - Running <TaskInstance: pinecone_pipeline.create_pinecone_index manual__2026-04-30T18:49:39.305828+00:00 [running]> on host 2e8cebb3efcd
[2026-04-30T18:49:44.755+0000] {taskinstance.py:3131} INFO - Exporting env vars: AIRFLOW_CTX_DAG_OWNER='***' AIRFLOW_CTX_DAG_ID='pinecone_pipeline' AIRFLOW_CTX_TASK_ID='create_pinecone_index' AIRFLOW_CTX_EXECUTION_DATE='2026-04-30T18:49:39.305828+00:00' AIRFLOW_CTX_TRY_NUMBER='1' AIRFLOW_CTX_DAG_RUN_ID='manual__2026-04-30T18:49:39.305828+00:00'
[2026-04-30T18:49:44.756+0000] {taskinstance.py:731} INFO - ::endgroup::
[2026-04-30T18:49:44.764+0000] {discover_namespace_packages.py:12} INFO - Discovering subpackages in _NamespacePath(['/home/***/.local/lib/python3.12/site-packages/pinecone_plugins'])
[2026-04-30T18:49:44.764+0000] {discover_plugins.py:9} INFO - Looking for plugins in pinecone_plugins.inference
[2026-04-30T18:49:44.769+0000] {installation.py:10} INFO - Installing plugin inference into Pinecone
[2026-04-30T18:49:50.435+0000] {logging_mixin.py:190} INFO - Created Pinecone index: semantic-search-fast
[2026-04-30T18:49:50.439+0000] {python.py:240} INFO - Done. Returned value was: None
[2026-04-30T18:49:50.450+0000] {taskinstance.py:340} INFO - ::group::Post task execution logs
[2026-04-30T18:49:50.450+0000] {taskinstance.py:352} INFO - Marking task as SUCCESS. dag_id=pinecone_pipeline, task_id=create_pinecone_index, run_id=manual__2026-04-30T18:49:39.305828+00:00, execution_date=20260430T184939, start_date=20260430T184944, end_date=20260430T184950
[2026-04-30T18:49:50.510+0000] {local_task_job_runner.py:266} INFO - Task exited with return code 0
[2026-04-30T18:49:50.524+0000] {taskinstance.py:3900} INFO - 1 downstream tasks scheduled from follow-on schedule check
[2026-04-30T18:49:50.525+0000] {local_task_job_runner.py:245} INFO - ::endgroup::
