[2026-04-30T18:49:41.962+0000] {local_task_job_runner.py:123} INFO - ::group::Pre task execution logs
[2026-04-30T18:49:41.968+0000] {taskinstance.py:2612} INFO - Dependencies all met for dep_context=non-requeueable deps ti=<TaskInstance: pinecone_pipeline.download_process_generate_input manual__2026-04-30T18:49:39.305828+00:00 [queued]>
[2026-04-30T18:49:41.970+0000] {taskinstance.py:2612} INFO - Dependencies all met for dep_context=requeueable deps ti=<TaskInstance: pinecone_pipeline.download_process_generate_input manual__2026-04-30T18:49:39.305828+00:00 [queued]>
[2026-04-30T18:49:41.970+0000] {taskinstance.py:2865} INFO - Starting attempt 1 of 1
[2026-04-30T18:49:41.974+0000] {taskinstance.py:2888} INFO - Executing <Task(PythonOperator): download_process_generate_input> on 2026-04-30 18:49:39.305828+00:00
[2026-04-30T18:49:41.980+0000] {logging_mixin.py:190} WARNING - /home/***/.local/lib/python3.12/site-packages/***/task/task_runner/standard_task_runner.py:70 DeprecationWarning: This process (pid=539) is multi-threaded, use of fork() may lead to deadlocks in the child.
[2026-04-30T18:49:41.980+0000] {standard_task_runner.py:72} INFO - Started process 551 to run task
[2026-04-30T18:49:41.979+0000] {standard_task_runner.py:104} INFO - Running: ['***', 'tasks', 'run', 'pinecone_pipeline', 'download_process_generate_input', 'manual__2026-04-30T18:49:39.305828+00:00', '--job-id', '4', '--raw', '--subdir', 'DAGS_FOLDER/pinecone_pipeline.py', '--cfg-path', '/tmp/tmp0s4n813a']
[2026-04-30T18:49:41.981+0000] {standard_task_runner.py:105} INFO - Job 4: Subtask download_process_generate_input
[2026-04-30T18:49:41.997+0000] {task_command.py:467} INFO - Running <TaskInstance: pinecone_pipeline.download_process_generate_input manual__2026-04-30T18:49:39.305828+00:00 [running]> on host 2e8cebb3efcd
[2026-04-30T18:49:42.020+0000] {taskinstance.py:3131} INFO - Exporting env vars: AIRFLOW_CTX_DAG_OWNER='***' AIRFLOW_CTX_DAG_ID='pinecone_pipeline' AIRFLOW_CTX_TASK_ID='download_process_generate_input' AIRFLOW_CTX_EXECUTION_DATE='2026-04-30T18:49:39.305828+00:00' AIRFLOW_CTX_TRY_NUMBER='1' AIRFLOW_CTX_DAG_RUN_ID='manual__2026-04-30T18:49:39.305828+00:00'
[2026-04-30T18:49:42.021+0000] {taskinstance.py:731} INFO - ::endgroup::
[2026-04-30T18:49:42.516+0000] {logging_mixin.py:190} INFO - Downloaded raw file to: /opt/***/data/medium_data.csv
[2026-04-30T18:49:42.516+0000] {logging_mixin.py:190} INFO - Generated processed input file to: /opt/***/data/medium_input.csv
[2026-04-30T18:49:42.518+0000] {python.py:240} INFO - Done. Returned value was: None
[2026-04-30T18:49:42.522+0000] {taskinstance.py:340} INFO - ::group::Post task execution logs
[2026-04-30T18:49:42.522+0000] {taskinstance.py:352} INFO - Marking task as SUCCESS. dag_id=pinecone_pipeline, task_id=download_process_generate_input, run_id=manual__2026-04-30T18:49:39.305828+00:00, execution_date=20260430T184939, start_date=20260430T184941, end_date=20260430T184942
[2026-04-30T18:49:42.554+0000] {local_task_job_runner.py:266} INFO - Task exited with return code 0
[2026-04-30T18:49:42.564+0000] {taskinstance.py:3900} INFO - 1 downstream tasks scheduled from follow-on schedule check
[2026-04-30T18:49:42.564+0000] {local_task_job_runner.py:245} INFO - ::endgroup::
