[2026-04-30T18:58:59.538+0000] {local_task_job_runner.py:123} INFO - ::group::Pre task execution logs
[2026-04-30T18:58:59.546+0000] {taskinstance.py:2612} INFO - Dependencies all met for dep_context=non-requeueable deps ti=<TaskInstance: pinecone_pipeline.download_process_generate_input manual__2026-04-30T18:58:56.566457+00:00 [queued]>
[2026-04-30T18:58:59.548+0000] {taskinstance.py:2612} INFO - Dependencies all met for dep_context=requeueable deps ti=<TaskInstance: pinecone_pipeline.download_process_generate_input manual__2026-04-30T18:58:56.566457+00:00 [queued]>
[2026-04-30T18:58:59.548+0000] {taskinstance.py:2865} INFO - Starting attempt 1 of 1
[2026-04-30T18:58:59.552+0000] {taskinstance.py:2888} INFO - Executing <Task(PythonOperator): download_process_generate_input> on 2026-04-30 18:58:56.566457+00:00
[2026-04-30T18:58:59.558+0000] {standard_task_runner.py:104} INFO - Running: ['***', 'tasks', 'run', 'pinecone_pipeline', 'download_process_generate_input', 'manual__2026-04-30T18:58:56.566457+00:00', '--job-id', '8', '--raw', '--subdir', 'DAGS_FOLDER/pinecone_pipeline.py', '--cfg-path', '/tmp/tmpcga_7mp7']
[2026-04-30T18:58:59.559+0000] {logging_mixin.py:190} WARNING - /home/***/.local/lib/python3.12/site-packages/***/task/task_runner/standard_task_runner.py:70 DeprecationWarning: This process (pid=333) is multi-threaded, use of fork() may lead to deadlocks in the child.
[2026-04-30T18:58:59.560+0000] {standard_task_runner.py:72} INFO - Started process 345 to run task
[2026-04-30T18:58:59.560+0000] {standard_task_runner.py:105} INFO - Job 8: Subtask download_process_generate_input
[2026-04-30T18:58:59.577+0000] {task_command.py:467} INFO - Running <TaskInstance: pinecone_pipeline.download_process_generate_input manual__2026-04-30T18:58:56.566457+00:00 [running]> on host f17640cd2dd7
[2026-04-30T18:58:59.601+0000] {taskinstance.py:3131} INFO - Exporting env vars: AIRFLOW_CTX_DAG_OWNER='***' AIRFLOW_CTX_DAG_ID='pinecone_pipeline' AIRFLOW_CTX_TASK_ID='download_process_generate_input' AIRFLOW_CTX_EXECUTION_DATE='2026-04-30T18:58:56.566457+00:00' AIRFLOW_CTX_TRY_NUMBER='1' AIRFLOW_CTX_DAG_RUN_ID='manual__2026-04-30T18:58:56.566457+00:00'
[2026-04-30T18:58:59.602+0000] {taskinstance.py:731} INFO - ::endgroup::
[2026-04-30T18:59:00.122+0000] {logging_mixin.py:190} INFO - Downloaded raw file to: /opt/***/data/medium_data.csv
[2026-04-30T18:59:00.122+0000] {logging_mixin.py:190} INFO - Generated processed input file to: /opt/***/data/medium_input.csv
[2026-04-30T18:59:00.124+0000] {python.py:240} INFO - Done. Returned value was: None
[2026-04-30T18:59:00.129+0000] {taskinstance.py:340} INFO - ::group::Post task execution logs
[2026-04-30T18:59:00.129+0000] {taskinstance.py:352} INFO - Marking task as SUCCESS. dag_id=pinecone_pipeline, task_id=download_process_generate_input, run_id=manual__2026-04-30T18:58:56.566457+00:00, execution_date=20260430T185856, start_date=20260430T185859, end_date=20260430T185900
[2026-04-30T18:59:00.181+0000] {local_task_job_runner.py:266} INFO - Task exited with return code 0
[2026-04-30T18:59:00.193+0000] {taskinstance.py:3900} INFO - 1 downstream tasks scheduled from follow-on schedule check
[2026-04-30T18:59:00.194+0000] {local_task_job_runner.py:245} INFO - ::endgroup::
